[0815/114235.953:ERROR:scoped_process_suspend.cc(40)] NtResumeProcess: An attempt was made to access an exiting process. (0xc000010a)
[0815/115346.202:ERROR:process_memory_win.cc(73)] ReadMemory at 0x1ce0a264400 of 72 bytes failed: Only part of a ReadProcessMemory or WriteProcessMemory request was completed. (0x12B)
[0815/115346.573:WARNING:pe_image_annotations_reader.cc(134)] could not read annotations list object in C:\Program Files (x86)\Google\Chrome\Application\84.0.4147.125\chrome_elf.dll
[0815/115346.573:ERROR:process_memory_win.cc(73)] ReadMemory at 0x7ff95e820000 of 64 bytes failed: Only part of a ReadProcessMemory or WriteProcessMemory request was completed. (0x12B)
[0815/115346.573:WARNING:pe_image_reader.cc(340)] could not read dos header from C:\Windows\SYSTEM32\VERSION.dll
[0815/115346.574:ERROR:process_memory_win.cc(73)] ReadMemory at 0x7ff9680b0000 of 64 bytes failed: Only part of a ReadProcessMemory or WriteProcessMemory request was completed. (0x12B)
[0815/115346.574:WARNING:pe_image_reader.cc(340)] could not read dos header from C:\Windows\System32\msvcrt.dll
[0815/115346.574:ERROR:process_memory_win.cc(73)] ReadMemory at 0x7ff967540000 of 64 bytes failed: Only part of a ReadProcessMemory or WriteProcessMemory request was completed. (0x12B)
[0815/115346.574:WARNING:pe_image_reader.cc(340)] could not read dos header from C:\Windows\System32\bcryptPrimitives.dll
[0815/115346.574:ERROR:process_memory_win.cc(73)] ReadMemory at 0x7ff967a80000 of 64 bytes failed: Only part of a ReadProcessMemory or WriteProcessMemory request was completed. (0x12B)
[0815/115346.574:WARNING:pe_image_reader.cc(340)] could not read dos header from C:\Windows\System32\ADVAPI32.dll
[0815/115346.575:ERROR:process_memory_win.cc(73)] ReadMemory at 0x7ff967b40000 of 64 bytes failed: Only part of a ReadProcessMemory or WriteProcessMemory request was completed. (0x12B)
[0815/115346.575:WARNING:pe_image_reader.cc(340)] could not read dos header from C:\Windows\System32\sechost.dll
[0815/115346.575:ERROR:process_memory_win.cc(73)] ReadMemory at 0x7ff9676d0000 of 64 bytes failed: Only part of a ReadProcessMemory or WriteProcessMemory request was completed. (0x12B)
[0815/115346.575:WARNING:pe_image_reader.cc(340)] could not read dos header from C:\Windows\System32\RPCRT4.dll
[0815/115346.575:ERROR:process_memory_win.cc(73)] ReadMemory at 0x7ff8f8960000 of 64 bytes failed: Only part of a ReadProcessMemory or WriteProcessMemory request was completed. (0x12B)
[0815/115346.575:WARNING:pe_image_reader.cc(340)] could not read dos header from C:\Program Files (x86)\Google\Chrome\Application\84.0.4147.125\chrome.dll
[0815/115346.575:ERROR:process_memory_win.cc(73)] ReadMemory at 0x7ff969490000 of 64 bytes failed: Only part of a ReadProcessMemory or WriteProcessMemory request was completed. (0x12B)
[0815/115346.575:WARNING:pe_image_reader.cc(340)] could not read dos header from C:\Windows\System32\WS2_32.dll
[0815/115346.575:ERROR:process_memory_win.cc(73)] ReadMemory at 0x7ff967950000 of 64 bytes failed: Only part of a ReadProcessMemory or WriteProcessMemory request was completed. (0x12B)
[0815/115346.575:WARNING:pe_image_reader.cc(340)] could not read dos header from C:\Windows\System32\OLEAUT32.dll
[0815/115346.576:ERROR:process_memory_win.cc(73)] ReadMemory at 0x7ff9670a0000 of 64 bytes failed: Only part of a ReadProcessMemory or WriteProcessMemory request was completed. (0x12B)
[0815/115346.576:WARNING:pe_image_reader.cc(340)] could not read dos header from C:\Windows\System32\msvcp_win.dll
[0815/115346.576:ERROR:process_memory_win.cc(73)] ReadMemory at 0x7ff9664e0000 of 64 bytes failed: Only part of a ReadProcessMemory or WriteProcessMemory request was completed. (0x12B)
[0815/115346.576:WARNING:pe_image_reader.cc(340)] could not read dos header from C:\Windows\System32\ucrtbase.dll
[0815/115346.576:ERROR:process_memory_win.cc(73)] ReadMemory at 0x7ff967d10000 of 64 bytes failed: Only part of a ReadProcessMemory or WriteProcessMemory request was completed. (0x12B)
[0815/115346.576:WARNING:pe_image_reader.cc(340)] could not read dos header from C:\Windows\System32\combase.dll
[0815/115346.576:ERROR:process_memory_win.cc(73)] ReadMemory at 0x7ff9671f0000 of 64 bytes failed: Only part of a ReadProcessMemory or WriteProcessMemory request was completed. (0x12B)
[0815/115346.576:WARNING:pe_image_reader.cc(340)] could not read dos header from C:\Windows\System32\WINTRUST.dll
[0815/115346.577:ERROR:process_memory_win.cc(73)] ReadMemory at 0x7ff9664a0000 of 64 bytes failed: Only part of a ReadProcessMemory or WriteProcessMemory request was completed. (0x12B)
[0815/115346.577:WARNING:pe_image_reader.cc(340)] could not read dos header from C:\Windows\System32\MSASN1.dll
[0815/115346.577:ERROR:process_memory_win.cc(73)] ReadMemory at 0x7ff9673f0000 of 64 bytes failed: Only part of a ReadProcessMemory or WriteProcessMemory request was completed. (0x12B)
[0815/115346.577:WARNING:pe_image_reader.cc(340)] could not read dos header from C:\Windows\System32\CRYPT32.dll
[0815/115346.577:ERROR:process_memory_win.cc(73)] ReadMemory at 0x7ff965970000 of 64 bytes failed: Only part of a ReadProcessMemory or WriteProcessMemory request was completed. (0x12B)
[0815/115346.577:WARNING:pe_image_reader.cc(340)] could not read dos header from C:\Windows\SYSTEM32\IPHLPAPI.DLL
[0815/115346.577:ERROR:process_memory_win.cc(73)] ReadMemory at 0x7ff9631e0000 of 64 bytes failed: Only part of a ReadProcessMemory or WriteProcessMemory request was completed. (0x12B)
[0815/115346.577:WARNING:pe_image_reader.cc(340)] could not read dos header from C:\Windows\SYSTEM32\WINMM.dll
[0815/115346.577:ERROR:process_memory_win.cc(73)] ReadMemory at 0x7ff954740000 of 64 bytes failed: Only part of a ReadProcessMemory or WriteProcessMemory request was completed. (0x12B)
[0815/115346.577:WARNING:pe_image_reader.cc(340)] could not read dos header from C:\Windows\SYSTEM32\Secur32.dll
[0815/115346.578:ERROR:process_memory_win.cc(73)] ReadMemory at 0x7ff966310000 of 64 bytes failed: Only part of a ReadProcessMemory or WriteProcessMemory request was completed. (0x12B)
[0815/115346.578:WARNING:pe_image_reader.cc(340)] could not read dos header from C:\Windows\SYSTEM32\USERENV.dll
[0815/115346.578:ERROR:process_memory_win.cc(73)] ReadMemory at 0x7ff966450000 of 64 bytes failed: Only part of a ReadProcessMemory or WriteProcessMemory request was completed. (0x12B)
[0815/115346.578:WARNING:pe_image_reader.cc(340)] could not read dos header from C:\Windows\System32\profapi.dll
[0815/115346.578:ERROR:process_memory_win.cc(73)] ReadMemory at 0x7ff940e20000 of 64 bytes failed: Only part of a ReadProcessMemory or WriteProcessMemory request was completed. (0x12B)
[0815/115346.578:WARNING:pe_image_reader.cc(340)] could not read dos header from C:\Windows\SYSTEM32\UIAutomationCore.DLL
[0815/115346.578:ERROR:process_memory_win.cc(73)] ReadMemory at 0x7ff947be0000 of 64 bytes failed: Only part of a ReadProcessMemory or WriteProcessMemory request was completed. (0x12B)
[0815/115346.578:WARNING:pe_image_reader.cc(340)] could not read dos header from C:\Windows\SYSTEM32\DWrite.dll
[0815/115346.578:ERROR:process_memory_win.cc(73)] ReadMemory at 0x7ff95f4a0000 of 64 bytes failed: Only part of a ReadProcessMemory or WriteProcessMemory request was completed. (0x12B)
[0815/115346.578:WARNING:pe_image_reader.cc(340)] could not read dos header from C:\Windows\SYSTEM32\WINSPOOL.DRV
[0815/115346.578:ERROR:process_memory_win.cc(73)] ReadMemory at 0x7ff966480000 of 64 bytes failed: Only part of a ReadProcessMemory or WriteProcessMemory request was completed. (0x12B)
[0815/115346.579:WARNING:pe_image_reader.cc(340)] could not read dos header from C:\Windows\System32\kernel.appcore.dll
[0815/115346.579:ERROR:process_memory_win.cc(73)] ReadMemory at 0x7ff9665e0000 of 64 bytes failed: Only part of a ReadProcessMemory or WriteProcessMemory request was completed. (0x12B)
[0815/115346.579:WARNING:pe_image_reader.cc(340)] could not read dos header from C:\Windows\System32\bcrypt.dll
[0815/115346.579:ERROR:process_memory_win.cc(73)] ReadMemory at 0x7ff964d10000 of 64 bytes failed: Only part of a ReadProcessMemory or WriteProcessMemory request was completed. (0x12B)
[0815/115346.579:WARNING:pe_image_reader.cc(340)] could not read dos header from C:\Windows\SYSTEM32\dbghelp.dll
[0815/115346.579:ERROR:process_memory_win.cc(73)] ReadMemory at 0x7ff95b9d0000 of 64 bytes failed: Only part of a ReadProcessMemory or WriteProcessMemory request was completed. (0x12B)
[0815/115346.579:WARNING:pe_image_reader.cc(340)] could not read dos header from C:\Windows\SYSTEM32\WINHTTP.dll
[0815/115346.579:ERROR:process_memory_win.cc(73)] ReadMemory at 0x7ff95d150000 of 64 bytes failed: Only part of a ReadProcessMemory or WriteProcessMemory request was completed. (0x12B)
[0815/115346.579:WARNING:pe_image_reader.cc(340)] could not read dos header from C:\Windows\SYSTEM32\dhcpcsvc.DLL
[0815/115346.580:ERROR:process_memory_win.cc(73)] ReadMemory at 0x1ce0a240000 of 64 bytes failed: Only part of a ReadProcessMemory or WriteProcessMemory request was completed. (0x12B)
[0815/115346.580:WARNING:pe_image_reader.cc(340)] could not read dos header from C:\Windows\System32\NSI.dll
[0815/115346.580:ERROR:process_memory_win.cc(73)] ReadMemory at 0x7ff9631b0000 of 64 bytes failed: Only part of a ReadProcessMemory or WriteProcessMemory request was completed. (0x12B)
[0815/115346.580:WARNING:pe_image_reader.cc(340)] could not read dos header from C:\Windows\SYSTEM32\WINMMBASE.dll
[0815/115346.580:ERROR:process_memory_win.cc(73)] ReadMemory at 0x7ff966610000 of 64 bytes failed: Only part of a ReadProcessMemory or WriteProcessMemory request was completed. (0x12B)
[0815/115346.580:WARNING:pe_image_reader.cc(340)] could not read dos header from C:\Windows\System32\cfgmgr32.dll
[0815/115346.580:ERROR:process_memory_win.cc(73)] ReadMemory at 0x7ff964160000 of 64 bytes failed: Only part of a ReadProcessMemory or WriteProcessMemory request was completed. (0x12B)
[0815/115346.580:WARNING:pe_image_reader.cc(340)] could not read dos header from C:\Windows\SYSTEM32\PROPSYS.dll
[0815/115346.580:ERROR:process_memory_win.cc(73)] ReadMemory at 0x7ff9678a0000 of 64 bytes failed: Only part of a ReadProcessMemory or WriteProcessMemory request was completed. (0x12B)
[0815/115346.580:WARNING:pe_image_reader.cc(340)] could not read dos header from C:\Windows\System32\shcore.dll
[0815/115346.580:ERROR:process_memory_win.cc(73)] ReadMemory at 0x7ff9662e0000 of 64 bytes failed: Only part of a ReadProcessMemory or WriteProcessMemory request was completed. (0x12B)
[0815/115346.581:WARNING:pe_image_reader.cc(340)] could not read dos header from C:\Windows\SYSTEM32\SSPICLI.DLL
[0815/115346.581:ERROR:process_memory_win.cc(73)] ReadMemory at 0x7ff965e30000 of 64 bytes failed: Only part of a ReadProcessMemory or WriteProcessMemory request was completed. (0x12B)
[0815/115346.581:WARNING:pe_image_reader.cc(340)] could not read dos header from C:\Windows\SYSTEM32\CRYPTBASE.DLL
[0815/115346.876:ERROR:process_memory_win.cc(73)] ReadMemory at 0x7ff64fa10000 of 64 bytes failed: Only part of a ReadProcessMemory or WriteProcessMemory request was completed. (0x12B)
[0815/115346.876:WARNING:pe_image_reader.cc(340)] could not read dos header from C:\Program Files (x86)\Google\Chrome\Application\chrome.exe
[0815/115346.876:ERROR:process_memory_win.cc(73)] ReadMemory at 0x7ff969540000 of 64 bytes failed: Only part of a ReadProcessMemory or WriteProcessMemory request was completed. (0x12B)
[0815/115346.876:WARNING:pe_image_reader.cc(340)] could not read dos header from C:\Windows\SYSTEM32\ntdll.dll
[0815/115346.877:ERROR:process_memory_win.cc(73)] ReadMemory at 0x7ff968330000 of 64 bytes failed: Only part of a ReadProcessMemory or WriteProcessMemory request was completed. (0x12B)
[0815/115346.877:WARNING:pe_image_reader.cc(340)] could not read dos header from C:\Windows\System32\KERNEL32.DLL
[0815/115346.877:ERROR:process_memory_win.cc(73)] ReadMemory at 0x7ff966df0000 of 64 bytes failed: Only part of a ReadProcessMemory or WriteProcessMemory request was completed. (0x12B)
[0815/115346.877:WARNING:pe_image_reader.cc(340)] could not read dos header from C:\Windows\System32\KERNELBASE.dll
[0815/115346.877:ERROR:process_memory_win.cc(73)] ReadMemory at 0x7ff921930000 of 64 bytes failed: Only part of a ReadProcessMemory or WriteProcessMemory request was completed. (0x12B)
[0815/115346.877:WARNING:pe_image_reader.cc(340)] could not read dos header from C:\Program Files (x86)\Google\Chrome\Application\84.0.4147.125\chrome_elf.dll
[0815/115346.877:ERROR:process_memory_win.cc(73)] ReadMemory at 0x7ff95e820000 of 64 bytes failed: Only part of a ReadProcessMemory or WriteProcessMemory request was completed. (0x12B)
[0815/115346.877:WARNING:pe_image_reader.cc(340)] could not read dos header from C:\Windows\SYSTEM32\VERSION.dll
[0815/115346.877:ERROR:process_memory_win.cc(73)] ReadMemory at 0x7ff9680b0000 of 64 bytes failed: Only part of a ReadProcessMemory or WriteProcessMemory request was completed. (0x12B)
[0815/115346.877:WARNING:pe_image_reader.cc(340)] could not read dos header from C:\Windows\System32\msvcrt.dll
[0815/115346.877:ERROR:process_memory_win.cc(73)] ReadMemory at 0x7ff967540000 of 64 bytes failed: Only part of a ReadProcessMemory or WriteProcessMemory request was completed. (0x12B)
[0815/115346.878:WARNING:pe_image_reader.cc(340)] could not read dos header from C:\Windows\System32\bcryptPrimitives.dll
[0815/115346.878:ERROR:process_memory_win.cc(73)] ReadMemory at 0x7ff967a80000 of 64 bytes failed: Only part of a ReadProcessMemory or WriteProcessMemory request was completed. (0x12B)
[0815/115346.878:WARNING:pe_image_reader.cc(340)] could not read dos header from C:\Windows\System32\ADVAPI32.dll
[0815/115346.878:ERROR:process_memory_win.cc(73)] ReadMemory at 0x7ff967b40000 of 64 bytes failed: Only part of a ReadProcessMemory or WriteProcessMemory request was completed. (0x12B)
[0815/115346.878:WARNING:pe_image_reader.cc(340)] could not read dos header from C:\Windows\System32\sechost.dll
[0815/115346.878:ERROR:process_memory_win.cc(73)] ReadMemory at 0x7ff9676d0000 of 64 bytes failed: Only part of a ReadProcessMemory or WriteProcessMemory request was completed. (0x12B)
[0815/115346.878:WARNING:pe_image_reader.cc(340)] could not read dos header from C:\Windows\System32\RPCRT4.dll
[0815/115346.878:ERROR:process_memory_win.cc(73)] ReadMemory at 0x7ff8f8960000 of 64 bytes failed: Only part of a ReadProcessMemory or WriteProcessMemory request was completed. (0x12B)
[0815/115346.878:WARNING:pe_image_reader.cc(340)] could not read dos header from C:\Program Files (x86)\Google\Chrome\Application\84.0.4147.125\chrome.dll
[0815/115346.878:ERROR:process_memory_win.cc(73)] ReadMemory at 0x7ff969490000 of 64 bytes failed: Only part of a ReadProcessMemory or WriteProcessMemory request was completed. (0x12B)
[0815/115346.878:WARNING:pe_image_reader.cc(340)] could not read dos header from C:\Windows\System32\WS2_32.dll
[0815/115346.879:ERROR:process_memory_win.cc(73)] ReadMemory at 0x7ff967950000 of 64 bytes failed: Only part of a ReadProcessMemory or WriteProcessMemory request was completed. (0x12B)
[0815/115346.879:WARNING:pe_image_reader.cc(340)] could not read dos header from C:\Windows\System32\OLEAUT32.dll
[0815/115346.879:ERROR:process_memory_win.cc(73)] ReadMemory at 0x7ff9670a0000 of 64 bytes failed: Only part of a ReadProcessMemory or WriteProcessMemory request was completed. (0x12B)
[0815/115346.879:WARNING:pe_image_reader.cc(340)] could not read dos header from C:\Windows\System32\msvcp_win.dll
[0815/115346.879:ERROR:process_memory_win.cc(73)] ReadMemory at 0x7ff9664e0000 of 64 bytes failed: Only part of a ReadProcessMemory or WriteProcessMemory request was completed. (0x12B)
[0815/115346.879:WARNING:pe_image_reader.cc(340)] could not read dos header from C:\Windows\System32\ucrtbase.dll
[0815/115346.879:ERROR:process_memory_win.cc(73)] ReadMemory at 0x7ff967d10000 of 64 bytes failed: Only part of a ReadProcessMemory or WriteProcessMemory request was completed. (0x12B)
[0815/115346.879:WARNING:pe_image_reader.cc(340)] could not read dos header from C:\Windows\System32\combase.dll
[0815/115346.879:ERROR:process_memory_win.cc(73)] ReadMemory at 0x7ff9671f0000 of 64 bytes failed: Only part of a ReadProcessMemory or WriteProcessMemory request was completed. (0x12B)
[0815/115346.879:WARNING:pe_image_reader.cc(340)] could not read dos header from C:\Windows\System32\WINTRUST.dll
[0815/115346.880:ERROR:process_memory_win.cc(73)] ReadMemory at 0x7ff9664a0000 of 64 bytes failed: Only part of a ReadProcessMemory or WriteProcessMemory request was completed. (0x12B)
[0815/115346.880:WARNING:pe_image_reader.cc(340)] could not read dos header from C:\Windows\System32\MSASN1.dll
[0815/115346.880:ERROR:process_memory_win.cc(73)] ReadMemory at 0x7ff9673f0000 of 64 bytes failed: Only part of a ReadProcessMemory or WriteProcessMemory request was completed. (0x12B)
[0815/115346.880:WARNING:pe_image_reader.cc(340)] could not read dos header from C:\Windows\System32\CRYPT32.dll
[0815/115346.880:ERROR:process_memory_win.cc(73)] ReadMemory at 0x7ff965970000 of 64 bytes failed: Only part of a ReadProcessMemory or WriteProcessMemory request was completed. (0x12B)
[0815/115346.880:WARNING:pe_image_reader.cc(340)] could not read dos header from C:\Windows\SYSTEM32\IPHLPAPI.DLL
[0815/115346.880:ERROR:process_memory_win.cc(73)] ReadMemory at 0x7ff9631e0000 of 64 bytes failed: Only part of a ReadProcessMemory or WriteProcessMemory request was completed. (0x12B)
[0815/115346.880:WARNING:pe_image_reader.cc(340)] could not read dos header from C:\Windows\SYSTEM32\WINMM.dll
[0815/115346.880:ERROR:process_memory_win.cc(73)] ReadMemory at 0x7ff954740000 of 64 bytes failed: Only part of a ReadProcessMemory or WriteProcessMemory request was completed. (0x12B)
[0815/115346.880:WARNING:pe_image_reader.cc(340)] could not read dos header from C:\Windows\SYSTEM32\Secur32.dll
[0815/115346.881:ERROR:process_memory_win.cc(73)] ReadMemory at 0x7ff966310000 of 64 bytes failed: Only part of a ReadProcessMemory or WriteProcessMemory request was completed. (0x12B)
[0815/115346.881:WARNING:pe_image_reader.cc(340)] could not read dos header from C:\Windows\SYSTEM32\USERENV.dll
[0815/115346.881:ERROR:process_memory_win.cc(73)] ReadMemory at 0x7ff966450000 of 64 bytes failed: Only part of a ReadProcessMemory or WriteProcessMemory request was completed. (0x12B)
[0815/115346.881:WARNING:pe_image_reader.cc(340)] could not read dos header from C:\Windows\System32\profapi.dll
[0815/115346.881:ERROR:process_memory_win.cc(73)] ReadMemory at 0x7ff940e20000 of 64 bytes failed: Only part of a ReadProcessMemory or WriteProcessMemory request was completed. (0x12B)
[0815/115346.881:WARNING:pe_image_reader.cc(340)] could not read dos header from C:\Windows\SYSTEM32\UIAutomationCore.DLL
[0815/115346.881:ERROR:process_memory_win.cc(73)] ReadMemory at 0x7ff947be0000 of 64 bytes failed: Only part of a ReadProcessMemory or WriteProcessMemory request was completed. (0x12B)
[0815/115346.881:WARNING:pe_image_reader.cc(340)] could not read dos header from C:\Windows\SYSTEM32\DWrite.dll
[0815/115346.881:ERROR:process_memory_win.cc(73)] ReadMemory at 0x7ff95f4a0000 of 64 bytes failed: Only part of a ReadProcessMemory or WriteProcessMemory request was completed. (0x12B)
[0815/115346.881:WARNING:pe_image_reader.cc(340)] could not read dos header from C:\Windows\SYSTEM32\WINSPOOL.DRV
[0815/115346.882:ERROR:process_memory_win.cc(73)] ReadMemory at 0x7ff966480000 of 64 bytes failed: Only part of a ReadProcessMemory or WriteProcessMemory request was completed. (0x12B)
[0815/115346.882:WARNING:pe_image_reader.cc(340)] could not read dos header from C:\Windows\System32\kernel.appcore.dll
[0815/115346.882:ERROR:process_memory_win.cc(73)] ReadMemory at 0x7ff9665e0000 of 64 bytes failed: Only part of a ReadProcessMemory or WriteProcessMemory request was completed. (0x12B)
[0815/115346.882:WARNING:pe_image_reader.cc(340)] could not read dos header from C:\Windows\System32\bcrypt.dll
[0815/115346.882:ERROR:process_memory_win.cc(73)] ReadMemory at 0x7ff964d10000 of 64 bytes failed: Only part of a ReadProcessMemory or WriteProcessMemory request was completed. (0x12B)
[0815/115346.882:WARNING:pe_image_reader.cc(340)] could not read dos header from C:\Windows\SYSTEM32\dbghelp.dll
[0815/115346.882:ERROR:process_memory_win.cc(73)] ReadMemory at 0x7ff95b9d0000 of 64 bytes failed: Only part of a ReadProcessMemory or WriteProcessMemory request was completed. (0x12B)
[0815/115346.882:WARNING:pe_image_reader.cc(340)] could not read dos header from C:\Windows\SYSTEM32\WINHTTP.dll
[0815/115346.882:ERROR:process_memory_win.cc(73)] ReadMemory at 0x7ff95d150000 of 64 bytes failed: Only part of a ReadProcessMemory or WriteProcessMemory request was completed. (0x12B)
[0815/115346.882:WARNING:pe_image_reader.cc(340)] could not read dos header from C:\Windows\SYSTEM32\dhcpcsvc.DLL
[0815/115346.882:ERROR:process_memory_win.cc(73)] ReadMemory at 0x1ce0a240000 of 64 bytes failed: Only part of a ReadProcessMemory or WriteProcessMemory request was completed. (0x12B)
[0815/115346.883:WARNING:pe_image_reader.cc(340)] could not read dos header from C:\Windows\System32\NSI.dll
[0815/115346.883:ERROR:process_memory_win.cc(73)] ReadMemory at 0x7ff9631b0000 of 64 bytes failed: Only part of a ReadProcessMemory or WriteProcessMemory request was completed. (0x12B)
[0815/115346.883:WARNING:pe_image_reader.cc(340)] could not read dos header from C:\Windows\SYSTEM32\WINMMBASE.dll
[0815/115346.883:ERROR:process_memory_win.cc(73)] ReadMemory at 0x7ff966610000 of 64 bytes failed: Only part of a ReadProcessMemory or WriteProcessMemory request was completed. (0x12B)
[0815/115346.883:WARNING:pe_image_reader.cc(340)] could not read dos header from C:\Windows\System32\cfgmgr32.dll
[0815/115346.883:ERROR:process_memory_win.cc(73)] ReadMemory at 0x7ff964160000 of 64 bytes failed: Only part of a ReadProcessMemory or WriteProcessMemory request was completed. (0x12B)
[0815/115346.883:WARNING:pe_image_reader.cc(340)] could not read dos header from C:\Windows\SYSTEM32\PROPSYS.dll
[0815/115346.883:ERROR:process_memory_win.cc(73)] ReadMemory at 0x7ff9678a0000 of 64 bytes failed: Only part of a ReadProcessMemory or WriteProcessMemory request was completed. (0x12B)
[0815/115346.883:WARNING:pe_image_reader.cc(340)] could not read dos header from C:\Windows\System32\shcore.dll
[0815/115346.883:ERROR:process_memory_win.cc(73)] ReadMemory at 0x7ff9662e0000 of 64 bytes failed: Only part of a ReadProcessMemory or WriteProcessMemory request was completed. (0x12B)
[0815/115346.883:WARNING:pe_image_reader.cc(340)] could not read dos header from C:\Windows\SYSTEM32\SSPICLI.DLL
[0815/115346.884:ERROR:process_memory_win.cc(73)] ReadMemory at 0x7ff965e30000 of 64 bytes failed: Only part of a ReadProcessMemory or WriteProcessMemory request was completed. (0x12B)
[0815/115346.884:WARNING:pe_image_reader.cc(340)] could not read dos header from C:\Windows\SYSTEM32\CRYPTBASE.DLL
[0815/115346.884:ERROR:process_memory_win.cc(73)] ReadMemory at 0x7ff64fa10000 of 64 bytes failed: Only part of a ReadProcessMemory or WriteProcessMemory request was completed. (0x12B)
[0815/115346.884:WARNING:pe_image_reader.cc(340)] could not read dos header from C:\Program Files (x86)\Google\Chrome\Application\chrome.exe
[0815/115346.884:ERROR:process_memory_win.cc(73)] ReadMemory at 0x7ff969540000 of 64 bytes failed: Only part of a ReadProcessMemory or WriteProcessMemory request was completed. (0x12B)
[0815/115346.884:WARNING:pe_image_reader.cc(340)] could not read dos header from C:\Windows\SYSTEM32\ntdll.dll
[0815/115346.884:ERROR:process_memory_win.cc(73)] ReadMemory at 0x7ff968330000 of 64 bytes failed: Only part of a ReadProcessMemory or WriteProcessMemory request was completed. (0x12B)
[0815/115346.884:WARNING:pe_image_reader.cc(340)] could not read dos header from C:\Windows\System32\KERNEL32.DLL
[0815/115346.884:ERROR:process_memory_win.cc(73)] ReadMemory at 0x7ff966df0000 of 64 bytes failed: Only part of a ReadProcessMemory or WriteProcessMemory request was completed. (0x12B)
[0815/115346.884:WARNING:pe_image_reader.cc(340)] could not read dos header from C:\Windows\System32\KERNELBASE.dll
[0815/115346.885:ERROR:process_memory_win.cc(73)] ReadMemory at 0x7ff921930000 of 64 bytes failed: Only part of a ReadProcessMemory or WriteProcessMemory request was completed. (0x12B)
[0815/115346.885:WARNING:pe_image_reader.cc(340)] could not read dos header from C:\Program Files (x86)\Google\Chrome\Application\84.0.4147.125\chrome_elf.dll
[0815/115346.885:ERROR:process_memory_win.cc(73)] ReadMemory at 0x7ff95e820000 of 64 bytes failed: Only part of a ReadProcessMemory or WriteProcessMemory request was completed. (0x12B)
[0815/115346.885:WARNING:pe_image_reader.cc(340)] could not read dos header from C:\Windows\SYSTEM32\VERSION.dll
[0815/115346.885:ERROR:process_memory_win.cc(73)] ReadMemory at 0x7ff9680b0000 of 64 bytes failed: Only part of a ReadProcessMemory or WriteProcessMemory request was completed. (0x12B)
[0815/115346.885:WARNING:pe_image_reader.cc(340)] could not read dos header from C:\Windows\System32\msvcrt.dll
[0815/115346.885:ERROR:process_memory_win.cc(73)] ReadMemory at 0x7ff967540000 of 64 bytes failed: Only part of a ReadProcessMemory or WriteProcessMemory request was completed. (0x12B)
[0815/115346.885:WARNING:pe_image_reader.cc(340)] could not read dos header from C:\Windows\System32\bcryptPrimitives.dll
[0815/115346.885:ERROR:process_memory_win.cc(73)] ReadMemory at 0x7ff967a80000 of 64 bytes failed: Only part of a ReadProcessMemory or WriteProcessMemory request was completed. (0x12B)
[0815/115346.885:WARNING:pe_image_reader.cc(340)] could not read dos header from C:\Windows\System32\ADVAPI32.dll
[0815/115346.885:ERROR:process_memory_win.cc(73)] ReadMemory at 0x7ff967b40000 of 64 bytes failed: Only part of a ReadProcessMemory or WriteProcessMemory request was completed. (0x12B)
[0815/115346.886:WARNING:pe_image_reader.cc(340)] could not read dos header from C:\Windows\System32\sechost.dll
[0815/115346.886:ERROR:process_memory_win.cc(73)] ReadMemory at 0x7ff9676d0000 of 64 bytes failed: Only part of a ReadProcessMemory or WriteProcessMemory request was completed. (0x12B)
[0815/115346.886:WARNING:pe_image_reader.cc(340)] could not read dos header from C:\Windows\System32\RPCRT4.dll
[0815/115346.886:ERROR:process_memory_win.cc(73)] ReadMemory at 0x7ff8f8960000 of 64 bytes failed: Only part of a ReadProcessMemory or WriteProcessMemory request was completed. (0x12B)
[0815/115346.886:WARNING:pe_image_reader.cc(340)] could not read dos header from C:\Program Files (x86)\Google\Chrome\Application\84.0.4147.125\chrome.dll
[0815/115346.886:ERROR:process_memory_win.cc(73)] ReadMemory at 0x7ff969490000 of 64 bytes failed: Only part of a ReadProcessMemory or WriteProcessMemory request was completed. (0x12B)
[0815/115346.886:WARNING:pe_image_reader.cc(340)] could not read dos header from C:\Windows\System32\WS2_32.dll
[0815/115346.886:ERROR:process_memory_win.cc(73)] ReadMemory at 0x7ff967950000 of 64 bytes failed: Only part of a ReadProcessMemory or WriteProcessMemory request was completed. (0x12B)
[0815/115346.886:WARNING:pe_image_reader.cc(340)] could not read dos header from C:\Windows\System32\OLEAUT32.dll
[0815/115346.886:ERROR:process_memory_win.cc(73)] ReadMemory at 0x7ff9670a0000 of 64 bytes failed: Only part of a ReadProcessMemory or WriteProcessMemory request was completed. (0x12B)
[0815/115346.886:WARNING:pe_image_reader.cc(340)] could not read dos header from C:\Windows\System32\msvcp_win.dll
[0815/115346.887:ERROR:process_memory_win.cc(73)] ReadMemory at 0x7ff9664e0000 of 64 bytes failed: Only part of a ReadProcessMemory or WriteProcessMemory request was completed. (0x12B)
[0815/115346.887:WARNING:pe_image_reader.cc(340)] could not read dos header from C:\Windows\System32\ucrtbase.dll
[0815/115346.887:ERROR:process_memory_win.cc(73)] ReadMemory at 0x7ff967d10000 of 64 bytes failed: Only part of a ReadProcessMemory or WriteProcessMemory request was completed. (0x12B)
[0815/115346.887:WARNING:pe_image_reader.cc(340)] could not read dos header from C:\Windows\System32\combase.dll
[0815/115346.887:ERROR:process_memory_win.cc(73)] ReadMemory at 0x7ff9671f0000 of 64 bytes failed: Only part of a ReadProcessMemory or WriteProcessMemory request was completed. (0x12B)
[0815/115346.887:WARNING:pe_image_reader.cc(340)] could not read dos header from C:\Windows\System32\WINTRUST.dll
[0815/115346.887:ERROR:process_memory_win.cc(73)] ReadMemory at 0x7ff9664a0000 of 64 bytes failed: Only part of a ReadProcessMemory or WriteProcessMemory request was completed. (0x12B)
[0815/115346.887:WARNING:pe_image_reader.cc(340)] could not read dos header from C:\Windows\System32\MSASN1.dll
[0815/115346.887:ERROR:process_memory_win.cc(73)] ReadMemory at 0x7ff9673f0000 of 64 bytes failed: Only part of a ReadProcessMemory or WriteProcessMemory request was completed. (0x12B)
[0815/115346.887:WARNING:pe_image_reader.cc(340)] could not read dos header from C:\Windows\System32\CRYPT32.dll
[0815/115346.888:ERROR:process_memory_win.cc(73)] ReadMemory at 0x7ff965970000 of 64 bytes failed: Only part of a ReadProcessMemory or WriteProcessMemory request was completed. (0x12B)
[0815/115346.888:WARNING:pe_image_reader.cc(340)] could not read dos header from C:\Windows\SYSTEM32\IPHLPAPI.DLL
[0815/115346.888:ERROR:process_memory_win.cc(73)] ReadMemory at 0x7ff9631e0000 of 64 bytes failed: Only part of a ReadProcessMemory or WriteProcessMemory request was completed. (0x12B)
[0815/115346.888:WARNING:pe_image_reader.cc(340)] could not read dos header from C:\Windows\SYSTEM32\WINMM.dll
[0815/115346.888:ERROR:process_memory_win.cc(73)] ReadMemory at 0x7ff954740000 of 64 bytes failed: Only part of a ReadProcessMemory or WriteProcessMemory request was completed. (0x12B)
[0815/115346.888:WARNING:pe_image_reader.cc(340)] could not read dos header from C:\Windows\SYSTEM32\Secur32.dll
[0815/115346.888:ERROR:process_memory_win.cc(73)] ReadMemory at 0x7ff966310000 of 64 bytes failed: Only part of a ReadProcessMemory or WriteProcessMemory request was completed. (0x12B)
[0815/115346.888:WARNING:pe_image_reader.cc(340)] could not read dos header from C:\Windows\SYSTEM32\USERENV.dll
[0815/115346.888:ERROR:process_memory_win.cc(73)] ReadMemory at 0x7ff966450000 of 64 bytes failed: Only part of a ReadProcessMemory or WriteProcessMemory request was completed. (0x12B)
[0815/115346.888:WARNING:pe_image_reader.cc(340)] could not read dos header from C:\Windows\System32\profapi.dll
[0815/115346.889:ERROR:process_memory_win.cc(73)] ReadMemory at 0x7ff940e20000 of 64 bytes failed: Only part of a ReadProcessMemory or WriteProcessMemory request was completed. (0x12B)
[0815/115346.889:WARNING:pe_image_reader.cc(340)] could not read dos header from C:\Windows\SYSTEM32\UIAutomationCore.DLL
[0815/115346.889:ERROR:process_memory_win.cc(73)] ReadMemory at 0x7ff947be0000 of 64 bytes failed: Only part of a ReadProcessMemory or WriteProcessMemory request was completed. (0x12B)
[0815/115346.889:WARNING:pe_image_reader.cc(340)] could not read dos header from C:\Windows\SYSTEM32\DWrite.dll
[0815/115346.889:ERROR:process_memory_win.cc(73)] ReadMemory at 0x7ff95f4a0000 of 64 bytes failed: Only part of a ReadProcessMemory or WriteProcessMemory request was completed. (0x12B)
[0815/115346.889:WARNING:pe_image_reader.cc(340)] could not read dos header from C:\Windows\SYSTEM32\WINSPOOL.DRV
[0815/115346.889:ERROR:process_memory_win.cc(73)] ReadMemory at 0x7ff966480000 of 64 bytes failed: Only part of a ReadProcessMemory or WriteProcessMemory request was completed. (0x12B)
[0815/115346.889:WARNING:pe_image_reader.cc(340)] could not read dos header from C:\Windows\System32\kernel.appcore.dll
[0815/115346.889:ERROR:process_memory_win.cc(73)] ReadMemory at 0x7ff9665e0000 of 64 bytes failed: Only part of a ReadProcessMemory or WriteProcessMemory request was completed. (0x12B)
[0815/115346.889:WARNING:pe_image_reader.cc(340)] could not read dos header from C:\Windows\System32\bcrypt.dll
[0815/115346.889:ERROR:process_memory_win.cc(73)] ReadMemory at 0x7ff964d10000 of 64 bytes failed: Only part of a ReadProcessMemory or WriteProcessMemory request was completed. (0x12B)
[0815/115346.889:WARNING:pe_image_reader.cc(340)] could not read dos header from C:\Windows\SYSTEM32\dbghelp.dll
[0815/115346.890:ERROR:process_memory_win.cc(73)] ReadMemory at 0x7ff95b9d0000 of 64 bytes failed: Only part of a ReadProcessMemory or WriteProcessMemory request was completed. (0x12B)
[0815/115346.890:WARNING:pe_image_reader.cc(340)] could not read dos header from C:\Windows\SYSTEM32\WINHTTP.dll
[0815/115346.890:ERROR:process_memory_win.cc(73)] ReadMemory at 0x7ff95d150000 of 64 bytes failed: Only part of a ReadProcessMemory or WriteProcessMemory request was completed. (0x12B)
[0815/115346.890:WARNING:pe_image_reader.cc(340)] could not read dos header from C:\Windows\SYSTEM32\dhcpcsvc.DLL
[0815/115346.890:ERROR:process_memory_win.cc(73)] ReadMemory at 0x1ce0a240000 of 64 bytes failed: Only part of a ReadProcessMemory or WriteProcessMemory request was completed. (0x12B)
[0815/115346.890:WARNING:pe_image_reader.cc(340)] could not read dos header from C:\Windows\System32\NSI.dll
[0815/115346.890:ERROR:process_memory_win.cc(73)] ReadMemory at 0x7ff9631b0000 of 64 bytes failed: Only part of a ReadProcessMemory or WriteProcessMemory request was completed. (0x12B)
[0815/115346.890:WARNING:pe_image_reader.cc(340)] could not read dos header from C:\Windows\SYSTEM32\WINMMBASE.dll
[0815/115346.890:ERROR:process_memory_win.cc(73)] ReadMemory at 0x7ff966610000 of 64 bytes failed: Only part of a ReadProcessMemory or WriteProcessMemory request was completed. (0x12B)
[0815/115346.891:WARNING:pe_image_reader.cc(340)] could not read dos header from C:\Windows\System32\cfgmgr32.dll
[0815/115346.891:ERROR:process_memory_win.cc(73)] ReadMemory at 0x7ff964160000 of 64 bytes failed: Only part of a ReadProcessMemory or WriteProcessMemory request was completed. (0x12B)
[0815/115346.891:WARNING:pe_image_reader.cc(340)] could not read dos header from C:\Windows\SYSTEM32\PROPSYS.dll
[0815/115346.891:ERROR:process_memory_win.cc(73)] ReadMemory at 0x7ff9678a0000 of 64 bytes failed: Only part of a ReadProcessMemory or WriteProcessMemory request was completed. (0x12B)
[0815/115346.891:WARNING:pe_image_reader.cc(340)] could not read dos header from C:\Windows\System32\shcore.dll
[0815/115346.891:ERROR:process_memory_win.cc(73)] ReadMemory at 0x7ff9662e0000 of 64 bytes failed: Only part of a ReadProcessMemory or WriteProcessMemory request was completed. (0x12B)
[0815/115346.891:WARNING:pe_image_reader.cc(340)] could not read dos header from C:\Windows\SYSTEM32\SSPICLI.DLL
[0815/115346.891:ERROR:process_memory_win.cc(73)] ReadMemory at 0x7ff965e30000 of 64 bytes failed: Only part of a ReadProcessMemory or WriteProcessMemory request was completed. (0x12B)
[0815/115346.891:WARNING:pe_image_reader.cc(340)] could not read dos header from C:\Windows\SYSTEM32\CRYPTBASE.DLL
[0815/115347.192:ERROR:process_memory_win.cc(73)] ReadMemory at 0x6b6fff5000 of 45056 bytes failed: Only part of a ReadProcessMemory or WriteProcessMemory request was completed. (0x12B)
[0815/115347.192:ERROR:process_memory_win.cc(73)] ReadMemory at 0x6b707fd000 of 12288 bytes failed: Only part of a ReadProcessMemory or WriteProcessMemory request was completed. (0x12B)
[0815/115347.192:ERROR:process_memory_win.cc(73)] ReadMemory at 0x6b717fc000 of 16384 bytes failed: Only part of a ReadProcessMemory or WriteProcessMemory request was completed. (0x12B)
[0815/115347.192:ERROR:process_memory_win.cc(73)] ReadMemory at 0x6b71ffc000 of 16384 bytes failed: Only part of a ReadProcessMemory or WriteProcessMemory request was completed. (0x12B)
[0815/115347.192:ERROR:process_memory_win.cc(73)] ReadMemory at 0x6b727ff000 of 4096 bytes failed: Only part of a ReadProcessMemory or WriteProcessMemory request was completed. (0x12B)
[0815/115347.192:ERROR:process_memory_win.cc(73)] ReadMemory at 0x6b72ffd000 of 12288 bytes failed: Only part of a ReadProcessMemory or WriteProcessMemory request was completed. (0x12B)
[0815/115347.192:ERROR:process_memory_win.cc(73)] ReadMemory at 0x6b737fb000 of 20480 bytes failed: Only part of a ReadProcessMemory or WriteProcessMemory request was completed. (0x12B)
[0815/115347.192:ERROR:process_memory_win.cc(73)] ReadMemory at 0x6b747fd000 of 12288 bytes failed: Only part of a ReadProcessMemory or WriteProcessMemory request was completed. (0x12B)
[0815/115347.192:ERROR:process_memory_win.cc(73)] ReadMemory at 0x6b74ffd000 of 12288 bytes failed: Only part of a ReadProcessMemory or WriteProcessMemory request was completed. (0x12B)
[0815/115347.192:ERROR:process_memory_win.cc(73)] ReadMemory at 0x6b757fd000 of 12288 bytes failed: Only part of a ReadProcessMemory or WriteProcessMemory request was completed. (0x12B)
[0815/115347.192:ERROR:process_memory_win.cc(73)] ReadMemory at 0x6b75ffd000 of 12288 bytes failed: Only part of a ReadProcessMemory or WriteProcessMemory request was completed. (0x12B)
[0815/115347.192:ERROR:process_memory_win.cc(73)] ReadMemory at 0x6b767fd000 of 12288 bytes failed: Only part of a ReadProcessMemory or WriteProcessMemory request was completed. (0x12B)
[0815/115347.192:ERROR:process_memory_win.cc(73)] ReadMemory at 0x6b76ffd000 of 12288 bytes failed: Only part of a ReadProcessMemory or WriteProcessMemory request was completed. (0x12B)
[0815/115347.193:ERROR:process_memory_win.cc(73)] ReadMemory at 0x6b77ffc000 of 16384 bytes failed: Only part of a ReadProcessMemory or WriteProcessMemory request was completed. (0x12B)
[0815/115347.193:ERROR:process_memory_win.cc(73)] ReadMemory at 0x6b797fc000 of 16384 bytes failed: Only part of a ReadProcessMemory or WriteProcessMemory request was completed. (0x12B)
[0815/115347.193:ERROR:process_memory_win.cc(73)] ReadMemory at 0x6b73ffd000 of 12288 bytes failed: Only part of a ReadProcessMemory or WriteProcessMemory request was completed. (0x12B)
[0815/115347.193:ERROR:process_memory_win.cc(73)] ReadMemory at 0x6b78ffd000 of 12288 bytes failed: Only part of a ReadProcessMemory or WriteProcessMemory request was completed. (0x12B)
[0815/115347.193:ERROR:process_memory_win.cc(73)] ReadMemory at 0x6b70ffd000 of 12288 bytes failed: Only part of a ReadProcessMemory or WriteProcessMemory request was completed. (0x12B)
[0815/115347.193:ERROR:process_memory_win.cc(73)] ReadMemory at 0x6b777fd000 of 12288 bytes failed: Only part of a ReadProcessMemory or WriteProcessMemory request was completed. (0x12B)
[0815/115347.193:ERROR:process_memory_win.cc(73)] ReadMemory at 0x6b787fd000 of 12288 bytes failed: Only part of a ReadProcessMemory or WriteProcessMemory request was completed. (0x12B)
[0815/115347.193:ERROR:process_memory_win.cc(73)] ReadMemory at 0x6b79ffe000 of 8192 bytes failed: Only part of a ReadProcessMemory or WriteProcessMemory request was completed. (0x12B)
[0815/115347.462:ERROR:process_memory_win.cc(73)] ReadMemory at 0x6b6f600000 of 6024 bytes failed: Only part of a ReadProcessMemory or WriteProcessMemory request was completed. (0x12B)
[0815/115347.463:ERROR:process_memory_win.cc(73)] ReadMemory at 0x6b6f604000 of 6024 bytes failed: Only part of a ReadProcessMemory or WriteProcessMemory request was completed. (0x12B)
[0815/115347.463:ERROR:process_memory_win.cc(73)] ReadMemory at 0x6b6f60a000 of 6024 bytes failed: Only part of a ReadProcessMemory or WriteProcessMemory request was completed. (0x12B)
[0815/115347.464:ERROR:process_memory_win.cc(73)] ReadMemory at 0x6b6f60e000 of 6024 bytes failed: Only part of a ReadProcessMemory or WriteProcessMemory request was completed. (0x12B)
[0815/115347.464:ERROR:process_memory_win.cc(73)] ReadMemory at 0x6b6f610000 of 6024 bytes failed: Only part of a ReadProcessMemory or WriteProcessMemory request was completed. (0x12B)
[0815/115347.464:ERROR:process_memory_win.cc(73)] ReadMemory at 0x6b6f612000 of 6024 bytes failed: Only part of a ReadProcessMemory or WriteProcessMemory request was completed. (0x12B)
[0815/115347.465:ERROR:process_memory_win.cc(73)] ReadMemory at 0x6b6f614000 of 6024 bytes failed: Only part of a ReadProcessMemory or WriteProcessMemory request was completed. (0x12B)
[0815/115347.465:ERROR:process_memory_win.cc(73)] ReadMemory at 0x6b6f616000 of 6024 bytes failed: Only part of a ReadProcessMemory or WriteProcessMemory request was completed. (0x12B)
[0815/115347.465:ERROR:process_memory_win.cc(73)] ReadMemory at 0x6b6f618000 of 6024 bytes failed: Only part of a ReadProcessMemory or WriteProcessMemory request was completed. (0x12B)
[0815/115347.466:ERROR:process_memory_win.cc(73)] ReadMemory at 0x6b6f7e2000 of 852 bytes failed: Only part of a ReadProcessMemory or WriteProcessMemory request was completed. (0x12B)
[0815/115347.466:ERROR:process_memory_win.cc(73)] ReadMemory at 0x6b6f7e3000 of 6024 bytes failed: Only part of a ReadProcessMemory or WriteProcessMemory request was completed. (0x12B)
[0815/115347.466:ERROR:process_memory_win.cc(73)] ReadMemory at 0x6b6f7e5000 of 6024 bytes failed: Only part of a ReadProcessMemory or WriteProcessMemory request was completed. (0x12B)
[0815/115347.467:ERROR:process_memory_win.cc(73)] ReadMemory at 0x6b6f7e9000 of 6024 bytes failed: Only part of a ReadProcessMemory or WriteProcessMemory request was completed. (0x12B)
[0815/115347.467:ERROR:process_memory_win.cc(73)] ReadMemory at 0x6b6f7eb000 of 6024 bytes failed: Only part of a ReadProcessMemory or WriteProcessMemory request was completed. (0x12B)
[0815/115347.467:ERROR:process_memory_win.cc(73)] ReadMemory at 0x6b6f7ed000 of 6024 bytes failed: Only part of a ReadProcessMemory or WriteProcessMemory request was completed. (0x12B)
[0815/115347.468:ERROR:process_memory_win.cc(73)] ReadMemory at 0x6b6f7ef000 of 6024 bytes failed: Only part of a ReadProcessMemory or WriteProcessMemory request was completed. (0x12B)
[0815/115347.468:ERROR:process_memory_win.cc(73)] ReadMemory at 0x6b6f7f1000 of 6024 bytes failed: Only part of a ReadProcessMemory or WriteProcessMemory request was completed. (0x12B)
[0815/115347.468:ERROR:process_memory_win.cc(73)] ReadMemory at 0x6b6f7f5000 of 6024 bytes failed: Only part of a ReadProcessMemory or WriteProcessMemory request was completed. (0x12B)
[0815/115347.469:ERROR:process_memory_win.cc(73)] ReadMemory at 0x6b6f7f7000 of 6024 bytes failed: Only part of a ReadProcessMemory or WriteProcessMemory request was completed. (0x12B)
[0815/115347.470:ERROR:process_memory_win.cc(73)] ReadMemory at 0x6b6f7f9000 of 6024 bytes failed: Only part of a ReadProcessMemory or WriteProcessMemory request was completed. (0x12B)
[0815/115347.470:ERROR:process_memory_win.cc(73)] ReadMemory at 0x6b6f7fb000 of 6024 bytes failed: Only part of a ReadProcessMemory or WriteProcessMemory request was completed. (0x12B)
[0815/115347.471:ERROR:process_memory_win.cc(73)] ReadMemory at 0x6b6f7fd000 of 6024 bytes failed: Only part of a ReadProcessMemory or WriteProcessMemory request was completed. (0x12B)
[0815/115347.471:ERROR:process_memory_win.cc(73)] ReadMemory at 0x1ce0a250fe0 of 16364 bytes failed: Only part of a ReadProcessMemory or WriteProcessMemory request was completed. (0x12B)
[0815/115347.472:ERROR:process_memory_win.cc(73)] ReadMemory at 0x1ce0a254fe0 of 1012 bytes failed: Only part of a ReadProcessMemory or WriteProcessMemory request was completed. (0x12B)
[0815/115347.472:ERROR:process_memory_win.cc(73)] ReadMemory at 0x1ce0a255628 of 118 bytes failed: Only part of a ReadProcessMemory or WriteProcessMemory request was completed. (0x12B)
[0815/115347.612:ERROR:process_memory_win.cc(73)] ReadMemory at 0x1ce0a2556a0 of 758 bytes failed: Only part of a ReadProcessMemory or WriteProcessMemory request was completed. (0x12B)
[0815/115347.612:ERROR:process_memory_win.cc(73)] ReadMemory at 0x1ce0a255998 of 118 bytes failed: Only part of a ReadProcessMemory or WriteProcessMemory request was completed. (0x12B)
[0815/115347.747:ERROR:process_memory_win.cc(73)] ReadMemory at 0x1ce0a255a10 of 96 bytes failed: Only part of a ReadProcessMemory or WriteProcessMemory request was completed. (0x12B)
[0815/115347.747:ERROR:process_memory_win.cc(73)] ReadMemory at 0x1ce0a255a80 of 58 bytes failed: Only part of a ReadProcessMemory or WriteProcessMemory request was completed. (0x12B)
[0815/115347.748:ERROR:process_memory_win.cc(73)] ReadMemory at 0x1ce0a255b80 of 132 bytes failed: Only part of a ReadProcessMemory or WriteProcessMemory request was completed. (0x12B)
[0815/115347.748:ERROR:process_memory_win.cc(73)] ReadMemory at 0x1ce0a255d10 of 132 bytes failed: Only part of a ReadProcessMemory or WriteProcessMemory request was completed. (0x12B)
[0815/115347.748:ERROR:process_memory_win.cc(73)] ReadMemory at 0x1ce0a255ed0 of 126 bytes failed: Only part of a ReadProcessMemory or WriteProcessMemory request was completed. (0x12B)
[0815/115347.748:ERROR:process_memory_win.cc(73)] ReadMemory at 0x1ce0a2562b0 of 132 bytes failed: Only part of a ReadProcessMemory or WriteProcessMemory request was completed. (0x12B)
[0815/115347.749:ERROR:process_memory_win.cc(73)] ReadMemory at 0x1ce0a256440 of 64 bytes failed: Only part of a ReadProcessMemory or WriteProcessMemory request was completed. (0x12B)
[0815/115347.749:ERROR:process_memory_win.cc(73)] ReadMemory at 0x1ce0a256600 of 132 bytes failed: Only part of a ReadProcessMemory or WriteProcessMemory request was completed. (0x12B)
[0815/115347.749:ERROR:process_memory_win.cc(73)] ReadMemory at 0x1ce0a2568a0 of 132 bytes failed: Only part of a ReadProcessMemory or WriteProcessMemory request was completed. (0x12B)
[0815/115347.749:ERROR:process_memory_win.cc(73)] ReadMemory at 0x1ce0a256a30 of 68 bytes failed: Only part of a ReadProcessMemory or WriteProcessMemory request was completed. (0x12B)
[0815/115347.749:ERROR:process_memory_win.cc(73)] ReadMemory at 0x1ce0a257b00 of 132 bytes failed: Only part of a ReadProcessMemory or WriteProcessMemory request was completed. (0x12B)
[0815/115347.750:ERROR:process_memory_win.cc(73)] ReadMemory at 0x1ce0a257c90 of 154 bytes failed: Only part of a ReadProcessMemory or WriteProcessMemory request was completed. (0x12B)
[0815/115347.750:ERROR:process_memory_win.cc(73)] ReadMemory at 0x1ce0a259a10 of 62 bytes failed: Only part of a ReadProcessMemory or WriteProcessMemory request was completed. (0x12B)
[0815/115347.750:ERROR:process_memory_win.cc(73)] ReadMemory at 0x1ce0a259b70 of 132 bytes failed: Only part of a ReadProcessMemory or WriteProcessMemory request was completed. (0x12B)
[0815/115347.750:ERROR:process_memory_win.cc(73)] ReadMemory at 0x1ce0a259d00 of 60 bytes failed: Only part of a ReadProcessMemory or WriteProcessMemory request was completed. (0x12B)
[0815/115347.750:ERROR:process_memory_win.cc(73)] ReadMemory at 0x1ce0a2697b0 of 62 bytes failed: Only part of a ReadProcessMemory or WriteProcessMemory request was completed. (0x12B)
[0815/115347.751:ERROR:process_memory_win.cc(73)] ReadMemory at 0x1ce0a269800 of 62 bytes failed: Only part of a ReadProcessMemory or WriteProcessMemory request was completed. (0x12B)
[0815/115347.751:ERROR:process_memory_win.cc(73)] ReadMemory at 0x1ce0a269850 of 60 bytes failed: Only part of a ReadProcessMemory or WriteProcessMemory request was completed. (0x12B)
[0815/115347.751:ERROR:process_memory_win.cc(73)] ReadMemory at 0x1ce0a2698a0 of 62 bytes failed: Only part of a ReadProcessMemory or WriteProcessMemory request was completed. (0x12B)
[0815/115347.751:ERROR:process_memory_win.cc(73)] ReadMemory at 0x1ce0a269990 of 64 bytes failed: Only part of a ReadProcessMemory or WriteProcessMemory request was completed. (0x12B)
[0815/115347.752:ERROR:process_memory_win.cc(73)] ReadMemory at 0x1ce0a2699e0 of 58 bytes failed: Only part of a ReadProcessMemory or WriteProcessMemory request was completed. (0x12B)
[0815/115347.752:ERROR:process_memory_win.cc(73)] ReadMemory at 0x1ce0a269c60 of 64 bytes failed: Only part of a ReadProcessMemory or WriteProcessMemory request was completed. (0x12B)
[0815/115347.753:ERROR:process_memory_win.cc(73)] ReadMemory at 0x1ce0a269f30 of 60 bytes failed: Only part of a ReadProcessMemory or WriteProcessMemory request was completed. (0x12B)
[0815/115347.753:ERROR:process_memory_win.cc(73)] ReadMemory at 0x1ce0a269f80 of 62 bytes failed: Only part of a ReadProcessMemory or WriteProcessMemory request was completed. (0x12B)
[0815/115347.797:ERROR:process_memory_win.cc(73)] ReadMemory at 0x1ce0a26a2a0 of 66 bytes failed: Only part of a ReadProcessMemory or WriteProcessMemory request was completed. (0x12B)
[0815/115347.920:ERROR:process_memory_win.cc(73)] ReadMemory at 0x1ce0a26a2f0 of 64 bytes failed: Only part of a ReadProcessMemory or WriteProcessMemory request was completed. (0x12B)
[0815/115347.944:ERROR:process_memory_win.cc(73)] ReadMemory at 0x1ce0a26a390 of 64 bytes failed: Only part of a ReadProcessMemory or WriteProcessMemory request was completed. (0x12B)
[0815/115347.945:ERROR:process_memory_win.cc(73)] ReadMemory at 0x1ce0a26a430 of 60 bytes failed: Only part of a ReadProcessMemory or WriteProcessMemory request was completed. (0x12B)
[0815/115347.945:ERROR:process_memory_win.cc(73)] ReadMemory at 0x1ce0a26a480 of 62 bytes failed: Only part of a ReadProcessMemory or WriteProcessMemory request was completed. (0x12B)
[0815/115347.945:ERROR:process_memory_win.cc(73)] ReadMemory at 0x1ce0a26a610 of 64 bytes failed: Only part of a ReadProcessMemory or WriteProcessMemory request was completed. (0x12B)
[0815/115347.945:ERROR:process_memory_win.cc(73)] ReadMemory at 0x1ce0a26a6b0 of 62 bytes failed: Only part of a ReadProcessMemory or WriteProcessMemory request was completed. (0x12B)
[0815/115347.946:ERROR:process_memory_win.cc(73)] ReadMemory at 0x1ce0a26c420 of 132 bytes failed: Only part of a ReadProcessMemory or WriteProcessMemory request was completed. (0x12B)
[0815/115347.946:ERROR:process_memory_win.cc(73)] ReadMemory at 0x1ce0a26c6b0 of 146 bytes failed: Only part of a ReadProcessMemory or WriteProcessMemory request was completed. (0x12B)
[0815/115347.946:ERROR:process_memory_win.cc(73)] ReadMemory at 0x1ce0a26c950 of 132 bytes failed: Only part of a ReadProcessMemory or WriteProcessMemory request was completed. (0x12B)
[0815/115347.946:ERROR:process_memory_win.cc(73)] ReadMemory at 0x1ce0a26cd10 of 132 bytes failed: Only part of a ReadProcessMemory or WriteProcessMemory request was completed. (0x12B)
[0815/115347.946:ERROR:process_memory_win.cc(73)] ReadMemory at 0x1ce0a26cfc0 of 132 bytes failed: Only part of a ReadProcessMemory or WriteProcessMemory request was completed. (0x12B)
[0815/115347.947:ERROR:process_memory_win.cc(73)] ReadMemory at 0x1ce0a26d0f0 of 132 bytes failed: Only part of a ReadProcessMemory or WriteProcessMemory request was completed. (0x12B)
[0815/115347.947:ERROR:process_memory_win.cc(73)] ReadMemory at 0x1ce0a26d220 of 132 bytes failed: Only part of a ReadProcessMemory or WriteProcessMemory request was completed. (0x12B)
[0815/115347.947:ERROR:process_memory_win.cc(73)] ReadMemory at 0x1ce0a26d350 of 132 bytes failed: Only part of a ReadProcessMemory or WriteProcessMemory request was completed. (0x12B)
[0815/115347.947:ERROR:process_memory_win.cc(73)] ReadMemory at 0x1ce0a26d480 of 132 bytes failed: Only part of a ReadProcessMemory or WriteProcessMemory request was completed. (0x12B)
[0815/115347.947:ERROR:process_memory_win.cc(73)] ReadMemory at 0x1ce0a26d5b0 of 132 bytes failed: Only part of a ReadProcessMemory or WriteProcessMemory request was completed. (0x12B)
[0815/115347.948:ERROR:process_memory_win.cc(73)] ReadMemory at 0x1ce0a26d6e0 of 132 bytes failed: Only part of a ReadProcessMemory or WriteProcessMemory request was completed. (0x12B)
[0815/115347.948:ERROR:process_memory_win.cc(73)] ReadMemory at 0x1ce0a26d810 of 132 bytes failed: Only part of a ReadProcessMemory or WriteProcessMemory request was completed. (0x12B)
[0815/115347.948:ERROR:process_memory_win.cc(73)] ReadMemory at 0x1ce0a26d940 of 132 bytes failed: Only part of a ReadProcessMemory or WriteProcessMemory request was completed. (0x12B)
[0815/115347.948:ERROR:process_memory_win.cc(73)] ReadMemory at 0x1ce0a26da70 of 132 bytes failed: Only part of a ReadProcessMemory or WriteProcessMemory request was completed. (0x12B)
[0815/115347.949:ERROR:process_memory_win.cc(73)] ReadMemory at 0x1ce0a26dba0 of 132 bytes failed: Only part of a ReadProcessMemory or WriteProcessMemory request was completed. (0x12B)
[0815/115348.019:ERROR:process_memory_win.cc(73)] ReadMemory at 0x1ce0a26dcd0 of 132 bytes failed: Only part of a ReadProcessMemory or WriteProcessMemory request was completed. (0x12B)
[0815/115348.091:ERROR:process_memory_win.cc(73)] ReadMemory at 0x1ce0a26e1a0 of 80 bytes failed: Only part of a ReadProcessMemory or WriteProcessMemory request was completed. (0x12B)
[0815/115348.091:ERROR:process_memory_win.cc(73)] ReadMemory at 0x1ce0a26eaa0 of 76 bytes failed: Only part of a ReadProcessMemory or WriteProcessMemory request was completed. (0x12B)
[0815/115348.091:ERROR:process_memory_win.cc(73)] ReadMemory at 0x1ce0a270800 of 80 bytes failed: Only part of a ReadProcessMemory or WriteProcessMemory request was completed. (0x12B)
[0815/115348.092:ERROR:process_memory_win.cc(73)] ReadMemory at 0x1ce0a273260 of 54 bytes failed: Only part of a ReadProcessMemory or WriteProcessMemory request was completed. (0x12B)
[0815/115348.092:ERROR:process_memory_win.cc(73)] ReadMemory at 0x1ce0a273eb0 of 132 bytes failed: Only part of a ReadProcessMemory or WriteProcessMemory request was completed. (0x12B)
[0815/115348.092:ERROR:process_memory_win.cc(73)] ReadMemory at 0x1ce0a275810 of 132 bytes failed: Only part of a ReadProcessMemory or WriteProcessMemory request was completed. (0x12B)
[0815/115348.092:ERROR:process_memory_win.cc(73)] ReadMemory at 0x1ce0a275a30 of 132 bytes failed: Only part of a ReadProcessMemory or WriteProcessMemory request was completed. (0x12B)
[0815/115348.092:ERROR:process_memory_win.cc(73)] ReadMemory at 0x1ce0a2764a0 of 132 bytes failed: Only part of a ReadProcessMemory or WriteProcessMemory request was completed. (0x12B)
[0815/115348.173:ERROR:process_memory_win.cc(73)] ReadMemory at 0x1ce0a2765d0 of 132 bytes failed: Only part of a ReadProcessMemory or WriteProcessMemory request was completed. (0x12B)
[0815/115348.937:ERROR:process_memory_win.cc(73)] ReadMemory at 0x1ce0a27a0c0 of 132 bytes failed: Only part of a ReadProcessMemory or WriteProcessMemory request was completed. (0x12B)
[0815/115349.235:ERROR:process_memory_win.cc(73)] ReadMemory at 0x1ce0a27a2d0 of 132 bytes failed: Only part of a ReadProcessMemory or WriteProcessMemory request was completed. (0x12B)
[0815/115349.235:ERROR:process_memory_win.cc(73)] ReadMemory at 0x1ce0a27b140 of 132 bytes failed: Only part of a ReadProcessMemory or WriteProcessMemory request was completed. (0x12B)
[0815/115349.235:ERROR:process_memory_win.cc(73)] ReadMemory at 0x1ce0a27b270 of 132 bytes failed: Only part of a ReadProcessMemory or WriteProcessMemory request was completed. (0x12B)
[0815/115349.235:ERROR:process_memory_win.cc(73)] ReadMemory at 0x1ce0a27b3a0 of 132 bytes failed: Only part of a ReadProcessMemory or WriteProcessMemory request was completed. (0x12B)
[0815/115349.236:ERROR:process_memory_win.cc(73)] ReadMemory at 0x1ce0a27b4d0 of 132 bytes failed: Only part of a ReadProcessMemory or WriteProcessMemory request was completed. (0x12B)
[0815/115349.236:ERROR:process_memory_win.cc(73)] ReadMemory at 0x1ce0a27b730 of 132 bytes failed: Only part of a ReadProcessMemory or WriteProcessMemory request was completed. (0x12B)
[0815/115349.236:ERROR:process_memory_win.cc(73)] ReadMemory at 0x1ce0a27b860 of 132 bytes failed: Only part of a ReadProcessMemory or WriteProcessMemory request was completed. (0x12B)
[0815/115349.236:ERROR:process_memory_win.cc(73)] ReadMemory at 0x1ce0a27bbf0 of 132 bytes failed: Only part of a ReadProcessMemory or WriteProcessMemory request was completed. (0x12B)
[0815/115349.236:ERROR:process_memory_win.cc(73)] ReadMemory at 0x1ce0a27c570 of 132 bytes failed: Only part of a ReadProcessMemory or WriteProcessMemory request was completed. (0x12B)
[0815/115349.365:ERROR:process_memory_win.cc(73)] ReadMemory at 0x1ce0a27c6a0 of 132 bytes failed: Only part of a ReadProcessMemory or WriteProcessMemory request was completed. (0x12B)
[0815/115349.365:ERROR:process_memory_win.cc(73)] ReadMemory at 0x1ce0a27c900 of 132 bytes failed: Only part of a ReadProcessMemory or WriteProcessMemory request was completed. (0x12B)
[0815/115349.407:ERROR:process_memory_win.cc(73)] ReadMemory at 0x1ce0a27e110 of 60 bytes failed: Only part of a ReadProcessMemory or WriteProcessMemory request was completed. (0x12B)
[0815/115349.408:ERROR:process_memory_win.cc(73)] ReadMemory at 0x1ce0a27e160 of 66 bytes failed: Only part of a ReadProcessMemory or WriteProcessMemory request was completed. (0x12B)
[0815/115349.408:ERROR:process_memory_win.cc(73)] ReadMemory at 0x1ce0a27e1b0 of 62 bytes failed: Only part of a ReadProcessMemory or WriteProcessMemory request was completed. (0x12B)
[0815/115349.408:ERROR:process_memory_win.cc(73)] ReadMemory at 0x1ce0a27e570 of 62 bytes failed: Only part of a ReadProcessMemory or WriteProcessMemory request was completed. (0x12B)
[0815/115349.408:ERROR:process_memory_win.cc(73)] ReadMemory at 0x1ce0a27e5c0 of 62 bytes failed: Only part of a ReadProcessMemory or WriteProcessMemory request was completed. (0x12B)
[0815/115349.408:ERROR:process_memory_win.cc(73)] ReadMemory at 0x1ce0a27e750 of 62 bytes failed: Only part of a ReadProcessMemory or WriteProcessMemory request was completed. (0x12B)
[0815/115349.409:ERROR:process_memory_win.cc(73)] ReadMemory at 0x1ce0a27e7a0 of 64 bytes failed: Only part of a ReadProcessMemory or WriteProcessMemory request was completed. (0x12B)
[0815/115349.409:ERROR:process_memory_win.cc(73)] ReadMemory at 0x1ce0a27e980 of 60 bytes failed: Only part of a ReadProcessMemory or WriteProcessMemory request was completed. (0x12B)
[0815/115349.409:ERROR:process_memory_win.cc(73)] ReadMemory at 0x1ce0a27ea20 of 64 bytes failed: Only part of a ReadProcessMemory or WriteProcessMemory request was completed. (0x12B)
[0815/115349.409:ERROR:process_memory_win.cc(73)] ReadMemory at 0x1ce0a27ecf0 of 64 bytes failed: Only part of a ReadProcessMemory or WriteProcessMemory request was completed. (0x12B)
[0815/115349.409:ERROR:process_memory_win.cc(73)] ReadMemory at 0x1ce0a27ed40 of 60 bytes failed: Only part of a ReadProcessMemory or WriteProcessMemory request was completed. (0x12B)
[0815/115349.410:ERROR:process_memory_win.cc(73)] ReadMemory at 0x1ce0a2c9248 of 512 bytes failed: Only part of a ReadProcessMemory or WriteProcessMemory request was completed. (0x12B)
[0815/115349.410:ERROR:process_memory_win.cc(73)] ReadMemory at 0x1ce0a2de9b0 of 512 bytes failed: Only part of a ReadProcessMemory or WriteProcessMemory request was completed. (0x12B)
[0815/115349.410:ERROR:process_memory_win.cc(73)] ReadMemory at 0x1ce0a2f76e0 of 512 bytes failed: Only part of a ReadProcessMemory or WriteProcessMemory request was completed. (0x12B)
[0815/115349.410:ERROR:process_memory_win.cc(73)] ReadMemory at 0x1ce0a2fadb0 of 512 bytes failed: Only part of a ReadProcessMemory or WriteProcessMemory request was completed. (0x12B)
[0815/115349.411:ERROR:process_memory_win.cc(73)] ReadMemory at 0x1ce0a30dd50 of 712 bytes failed: Only part of a ReadProcessMemory or WriteProcessMemory request was completed. (0x12B)
[0815/115349.411:ERROR:process_memory_win.cc(73)] ReadMemory at 0x1ce0a310a10 of 512 bytes failed: Only part of a ReadProcessMemory or WriteProcessMemory request was completed. (0x12B)
[0815/115349.411:ERROR:process_memory_win.cc(73)] ReadMemory at 0x1ce0bc00000 of 384 bytes failed: Only part of a ReadProcessMemory or WriteProcessMemory request was completed. (0x12B)
[0815/115349.411:ERROR:process_memory_win.cc(73)] ReadMemory at 0x1ce0bcdda00 of 512 bytes failed: Only part of a ReadProcessMemory or WriteProcessMemory request was completed. (0x12B)
[0815/115349.412:ERROR:process_memory_win.cc(73)] ReadMemory at 0x1ce0bffc790 of 512 bytes failed: Only part of a ReadProcessMemory or WriteProcessMemory request was completed. (0x12B)
[0815/115349.412:ERROR:process_memory_win.cc(73)] ReadMemory at 0xc8dd5d407a0 of 512 bytes failed: Only part of a ReadProcessMemory or WriteProcessMemory request was completed. (0x12B)
[0815/115349.412:ERROR:process_memory_win.cc(73)] ReadMemory at 0x3d7c5b739938 of 512 bytes failed: Only part of a ReadProcessMemory or WriteProcessMemory request was completed. (0x12B)
[0815/115349.412:ERROR:process_memory_win.cc(73)] ReadMemory at 0x493608040000 of 384 bytes failed: Only part of a ReadProcessMemory or WriteProcessMemory request was completed. (0x12B)
[0815/115349.412:ERROR:process_memory_win.cc(73)] ReadMemory at 0x4c15f2404000 of 384 bytes failed: Only part of a ReadProcessMemory or WriteProcessMemory request was completed. (0x12B)
[0815/115349.438:ERROR:process_memory_win.cc(73)] ReadMemory at 0x4c15f2b3ea10 of 512 bytes failed: Only part of a ReadProcessMemory or WriteProcessMemory request was completed. (0x12B)
[0815/115349.438:ERROR:process_memory_win.cc(73)] ReadMemory at 0x7ff8fad43d30 of 512 bytes failed: Only part of a ReadProcessMemory or WriteProcessMemory request was completed. (0x12B)
[0815/115349.439:ERROR:process_memory_win.cc(73)] ReadMemory at 0x7ff8fbe92d3a of 512 bytes failed: Only part of a ReadProcessMemory or WriteProcessMemory request was completed. (0x12B)
[0815/115349.439:ERROR:process_memory_win.cc(73)] ReadMemory at 0x7ff9219579b3 of 512 bytes failed: Only part of a ReadProcessMemory or WriteProcessMemory request was completed. (0x12B)
[0815/115349.439:ERROR:process_memory_win.cc(73)] ReadMemory at 0x7ff9219581a0 of 512 bytes failed: Only part of a ReadProcessMemory or WriteProcessMemory request was completed. (0x12B)
[0815/115349.511:ERROR:process_memory_win.cc(73)] ReadMemory at 0x7ff9695dc074 of 672 bytes failed: Only part of a ReadProcessMemory or WriteProcessMemory request was completed. (0x12B)
[0815/115349.511:ERROR:process_memory_win.cc(73)] ReadMemory at 0x7ff9695df924 of 608 bytes failed: Only part of a ReadProcessMemory or WriteProcessMemory request was completed. (0x12B)
[0815/115349.512:ERROR:process_memory_win.cc(73)] ReadMemory at 0x7ff96966c428 of 18 bytes failed: Only part of a ReadProcessMemory or WriteProcessMemory request was completed. (0x12B)
[0815/115349.512:ERROR:process_memory_win.cc(73)] ReadMemory at 0x7ff96969f4f8 of 40 bytes failed: Only part of a ReadProcessMemory or WriteProcessMemory request was completed. (0x12B)
[0815/115349.512:ERROR:process_memory_win.cc(73)] ReadMemory at 0x7ff96969f978 of 48 bytes failed: Only part of a ReadProcessMemory or WriteProcessMemory request was completed. (0x12B)
[0815/115349.512:ERROR:process_memory_win.cc(73)] ReadMemory at 0x7ff9696a53c0 of 64 bytes failed: Only part of a ReadProcessMemory or WriteProcessMemory request was completed. (0x12B)
[0815/115349.523:ERROR:scoped_process_suspend.cc(40)] NtResumeProcess: An attempt was made to access an exiting process. (0xc000010a)
